Apr 06, 2016 4:00:40 PM neu.edu.mr.manager.Main main
FINE: Action to be performed create
Apr 06, 2016 4:00:43 PM neu.edu.mr.manager.ClusterCreator createKey
INFO: The key was created name = a9key
Its fingerprint is=d1:09:c6:0b:90:e7:ec:f1:41:30:c1:53:f3:33:2d:a4:0c:df:b7:5e
Its material is= 
-----BEGIN RSA PRIVATE KEY-----
MIIEpAIBAAKCAQEA1bJ6yAHYtKHfZouyp6soj+97jAWhqhzYDO/f5YoNGgCtHL2eG2n21nvvrJN2
+T6IfSV4VaAvIuhAfhGnTVmEJgW6tsKKJwQArfWFBWOjADzp2/fIJtdSU54M+O6tb0VDpjH4G5Fe
wH9R6iTu5JYXs003OTRwdO3jYrPIsQS4FsIj7ZmgeI5Y3bizRrrEJxVQC3DNs4HmYuigHnEkVPqH
fjEfBfGvuS/FjGFOSUGhCrv1wQ2zueQglhMRMGXmF4dvePTmVEmPTuO1RdqBkQlSPo3jgYfbEuwF
D30xQOYam57GtqsbM9Omjk39oK2YMpn8OlMYYbEGTHLnqdM+nGSrRQIDAQABAoIBAQDAlLDr0CYw
WvTOIDUnvyq11Dd975FKkeXuerpGzQuTlGptzUBQKkWF83kCCH8ejUlJptv0JoB0L+P2+QfRwEtE
TMOAcn84O/Y0z19KhQlfbIXAc2OQBVou+u9r4wSvkzcs7jlO9snyJot2vEQCAnVnY73Rsr1p0vyp
daX2SW9xKWui0eKgM1IiDojw1+7LGZXcEB+5ZiKVhKjuzyrJdAvuu94X25WOEK1s0e5CFye6/I/G
8LvVZfshpIq/ZYHrVqdSYUfc74NkEympooSZ6B8t7tLz0GEKAtccuedkakBQ101xo+9/ESdn2Zy2
O2eQLOZYWmH1G8OJxUqN39aKPjyhAoGBAPwDoIzLwHia3hw7SMOZlt4sncH08Co7a1+7BdGsgg1T
XAfc0NFDtECvE2pVRDU/GYY55aY6vcEmu6HuAgBdYnEn/b9kZeu9EnSiRAr+gwLuIVv29aFU0SOg
F5IxlxZrPSd7XLsP6iOZxIqlsskvvt5TWAsK+n0HlEEM1GPynbJZAoGBANkTtkIyZM5mv9MRNxAs
kqTNZTtxfmhSeTSZzuEkun6M6hMVROQn7bfOQxI5SuAEDRZLtOCYUjbHaDLiY3m+Cwbiq+MCmYEq
Ayk86C412ZEJuDOhmVWz6Si0dERgVcVLgzwdZ7XKPu8Q+/JoIFVTgGx8VfVQldND69SlG6aZ5GrN
AoGAfA45CTX/gB8UOSeB0S+ZEbM60VCGrPNlDtHcsnNN7ctcIU60yF6gq7rDPvPMSL3QDcAQaTy/
TgaIFNU5zP4rSHKcOYvtlBcVr650+kiBK38XktLF5W4AKZ5UHBYnPtT5XKcgZcEWzAGUu3+Hu/ux
5HV4gK8d0VBazY7IOo8iy7kCgYEAjVM7Bm/el03ntxdvHNWYBzk9neyu2mZPSMKWIJgT3o4JWrEv
L8cbCd58ZiHssFmS16AkO1CPveAm43HmR31Fmo76TwoDPEdI1ZE0q9kdM0L7rImZ1WUS+BA73cRG
MvONlhaizYTFYklRbikCW+rIIlj0cYiscmW25LM1hEqOnkUCgYBpncHOJL66qcIDzHaQQxOMVChT
Wwzyk+sVOYkpI28perkgb1V1SbQiBH3XldfTaK54O+6BpDgslmAK3rAYHzB8Tzj0syDhzscVAYiG
BFDdy+wTA0HWaPMVF/LYzY0r01MKpcdbI+heC7y4zmHX+iz8fhf+T2vBxWLxBJOwY92OQQ==
-----END RSA PRIVATE KEY-----
Apr 06, 2016 4:00:43 PM neu.edu.mr.manager.ClusterCreator createSecurityGroup
FINE: Created security grp with name a9SecurityGrp
Apr 06, 2016 4:00:43 PM neu.edu.mr.manager.ClusterCreator createSecurityGroup
FINE: Setting ingress rule allowing any ip address for all tcp flow
Apr 06, 2016 4:00:43 PM neu.edu.mr.manager.ClusterCreator createCluster
FINE: Creating instance with parameters ami-fe057694, t2.micro, 1, a9key
Apr 06, 2016 4:00:44 PM neu.edu.mr.manager.ClusterCreator writeInstanceDetails
FINE: Fetching instances for reservation id r-aaedec01
Apr 06, 2016 4:00:44 PM neu.edu.mr.manager.ClusterCreator writeInstanceDetails
FINE: Waiting for instance with id ami-fe057694
Apr 06, 2016 4:00:44 PM neu.edu.mr.manager.ClusterCreator writeInstanceDetails
FINE: Current State pending
Apr 06, 2016 4:00:54 PM neu.edu.mr.manager.ClusterCreator writeInstanceDetails
FINE: Sleeping for 10 seconds. State not changed
Apr 06, 2016 4:00:55 PM neu.edu.mr.manager.ClusterCreator writeInstanceDetails
FINE: State changed to pending
Apr 06, 2016 4:01:05 PM neu.edu.mr.manager.ClusterCreator writeInstanceDetails
FINE: Sleeping for 10 seconds. State not changed
Apr 06, 2016 4:01:05 PM neu.edu.mr.manager.ClusterCreator writeInstanceDetails
FINE: State changed to pending
Apr 06, 2016 4:01:15 PM neu.edu.mr.manager.ClusterCreator writeInstanceDetails
FINE: Sleeping for 10 seconds. State not changed
Apr 06, 2016 4:01:15 PM neu.edu.mr.manager.ClusterCreator writeInstanceDetails
FINE: State changed to running
Apr 06, 2016 4:01:15 PM neu.edu.mr.manager.ClusterCreator writeInstanceDetails
FINE: Instance details: i-d7a1454a,172.31.60.164,54.173.153.219,C

Apr 06, 2016 4:01:15 PM neu.edu.mr.manager.ClusterCreator writeInstanceDetails
FINE: Waiting for instance with id ami-fe057694
Apr 06, 2016 4:01:15 PM neu.edu.mr.manager.ClusterCreator writeInstanceDetails
FINE: Current State pending
Apr 06, 2016 4:01:25 PM neu.edu.mr.manager.ClusterCreator writeInstanceDetails
FINE: Sleeping for 10 seconds. State not changed
Apr 06, 2016 4:01:25 PM neu.edu.mr.manager.ClusterCreator writeInstanceDetails
FINE: State changed to running
Apr 06, 2016 4:01:25 PM neu.edu.mr.manager.ClusterCreator writeInstanceDetails
FINE: Instance details: i-d6a1454b,172.31.60.163,52.201.217.49,S

Apr 06, 2016 4:01:25 PM neu.edu.mr.manager.Main main
FINE: Cluster created successfully: true
